0 info it worked if it ends with ok
1 verbose cli [ 'C:\\Program Files\\nodejs\\node.exe',
1 verbose cli   'C:\\Program Files\\nodejs\\node_modules\\npm\\bin\\npm-cli.js',
1 verbose cli   'run',
1 verbose cli   'webpack-prod' ]
2 info using npm@3.10.10
3 info using node@v6.10.0
4 verbose run-script [ 'prewebpack-prod', 'webpack-prod', 'postwebpack-prod' ]
5 info lifecycle moustache@1.0.0~prewebpack-prod: moustache@1.0.0
6 silly lifecycle moustache@1.0.0~prewebpack-prod: no script for prewebpack-prod, continuing
7 info lifecycle moustache@1.0.0~webpack-prod: moustache@1.0.0
8 verbose lifecycle moustache@1.0.0~webpack-prod: unsafe-perm in lifecycle true
9 verbose lifecycle moustache@1.0.0~webpack-prod: PATH: C:\Program Files\nodejs\node_modules\npm\bin\node-gyp-bin;E:\SANDBOX\site-moustache\node_modules\.bin;C:\ProgramData\Oracle\Java\javapath;c:\windows\system32;c:\windows;c:\windows\system32\wbem;c:\windows\system32\windowspowershell\v1.0\;c:\program files (x86)\paragon software\paragon extfs for windows;C:\Program Files (x86)\NVIDIA Corporation\PhysX\Common;C:\Program Files\Git\cmd;C:\Program Files\Perforce;C:\Program Files\Perforce\DVCS\;C:\Program Files\nodejs\;C:\WINDOWS\system32;C:\WINDOWS;C:\WINDOWS\System32\Wbem;C:\WINDOWS\System32\WindowsPowerShell\v1.0\;C:\Program Files (x86)\Common Files\Acronis\VirtualFile\;C:\Program Files (x86)\Common Files\Acronis\VirtualFile64\;C:\Program Files (x86)\Common Files\Acronis\SnapAPI\;C:\WINDOWS\System32\OpenSSH\;C:\Program Files (x86)\Notepad++;C:\Users\vidgu\AppData\Roaming\npm;C:\Users\vidgu\AppData\Local\Microsoft\WindowsApps;C:\Users\vidgu\AppData\Local\atom\bin;C:\Users\vidgu\AppData\Local\Programs\Python\Python36-32;C:\Users\vidgu\AppData\Local\Programs\Python\Python36-32\Scripts;C:\Users\vidgu\AppData\Local\Microsoft\WindowsApps;C:\Users\vidgu\AppData\Local\Programs\Fiddler
10 verbose lifecycle moustache@1.0.0~webpack-prod: CWD: E:\SANDBOX\site-moustache
11 silly lifecycle moustache@1.0.0~webpack-prod: Args: [ '/d /s /c', 'webpack -p' ]
12 silly lifecycle moustache@1.0.0~webpack-prod: Returned: code: 2  signal: null
13 info lifecycle moustache@1.0.0~webpack-prod: Failed to exec webpack-prod script
14 verbose stack Error: moustache@1.0.0 webpack-prod: `webpack -p`
14 verbose stack Exit status 2
14 verbose stack     at EventEmitter.<anonymous> (C:\Program Files\nodejs\node_modules\npm\lib\utils\lifecycle.js:255:16)
14 verbose stack     at emitTwo (events.js:106:13)
14 verbose stack     at EventEmitter.emit (events.js:191:7)
14 verbose stack     at ChildProcess.<anonymous> (C:\Program Files\nodejs\node_modules\npm\lib\utils\spawn.js:40:14)
14 verbose stack     at emitTwo (events.js:106:13)
14 verbose stack     at ChildProcess.emit (events.js:191:7)
14 verbose stack     at maybeClose (internal/child_process.js:877:16)
14 verbose stack     at Process.ChildProcess._handle.onexit (internal/child_process.js:226:5)
15 verbose pkgid moustache@1.0.0
16 verbose cwd E:\SANDBOX\site-moustache
17 error Windows_NT 10.0.17134
18 error argv "C:\\Program Files\\nodejs\\node.exe" "C:\\Program Files\\nodejs\\node_modules\\npm\\bin\\npm-cli.js" "run" "webpack-prod"
19 error node v6.10.0
20 error npm  v3.10.10
21 error code ELIFECYCLE
22 error moustache@1.0.0 webpack-prod: `webpack -p`
22 error Exit status 2
23 error Failed at the moustache@1.0.0 webpack-prod script 'webpack -p'.
23 error Make sure you have the latest version of node.js and npm installed.
23 error If you do, this is most likely a problem with the moustache package,
23 error not with npm itself.
23 error Tell the author that this fails on your system:
23 error     webpack -p
23 error You can get information on how to open an issue for this project with:
23 error     npm bugs moustache
23 error Or if that isn't available, you can get their info via:
23 error     npm owner ls moustache
23 error There is likely additional logging output above.
24 verbose exit [ 1, true ]
